2020-08-25 16:39:32,176 [Worker-2: Loading available Gradle versions] INFO  o.e.b.c.i.u.g.PublishedGradleVersions - Gradle version information cache is up-to-date. Trying to read.
2020-09-04 13:59:53,755 [Worker-3: Loading available Gradle versions] INFO  o.e.b.c.i.u.g.PublishedGradleVersions - Gradle version information cache is up-to-date. Trying to read.
2020-10-27 01:13:13,224 [Worker-7: Loading available Gradle versions] INFO  o.e.b.c.i.u.g.PublishedGradleVersions - Gradle version information cache is up-to-date. Trying to read.
2020-10-27 01:41:52,676 [Worker-3: Loading available Gradle versions] INFO  o.e.b.c.i.u.g.PublishedGradleVersions - Gradle version information cache is up-to-date. Trying to read.
2020-10-28 21:14:31,351 [Worker-0: Loading available Gradle versions] INFO  o.e.b.c.i.u.g.PublishedGradleVersions - Gradle version information cache is out-of-date. Trying to update.
2020-11-02 23:49:13,357 [Worker-3: Loading available Gradle versions] INFO  o.e.b.c.i.u.g.PublishedGradleVersions - Gradle version information cache is up-to-date. Trying to read.
2020-11-02 23:50:31,748 [Worker-4: Loading available Gradle versions] INFO  o.e.b.c.i.u.g.PublishedGradleVersions - Gradle version information cache is up-to-date. Trying to read.
2020-11-03 10:28:17,027 [Worker-0: Loading available Gradle versions] INFO  o.e.b.c.i.u.g.PublishedGradleVersions - Gradle version information cache is up-to-date. Trying to read.
2020-11-03 14:23:31,120 [Worker-0: Loading available Gradle versions] INFO  o.e.b.c.i.u.g.PublishedGradleVersions - Gradle version information cache is up-to-date. Trying to read.
2020-11-03 20:09:18,565 [Worker-0: Loading available Gradle versions] INFO  o.e.b.c.i.u.g.PublishedGradleVersions - Gradle version information cache is out-of-date. Trying to update.
2020-11-03 22:09:54,660 [ModalContext] ERROR o.e.j.i.storage.file.LockFile - Creating lock file /home/jonas/eclipse-workspace/.git/index.lock failed
java.nio.file.AccessDeniedException: /home/jonas/eclipse-workspace/.git/index.lock
	at java.base/sun.nio.fs.UnixException.translateToIOException(UnixException.java:90) ~[na:na]
	at java.base/sun.nio.fs.UnixException.rethrowAsIOException(UnixException.java:111) ~[na:na]
	at java.base/sun.nio.fs.UnixException.rethrowAsIOException(UnixException.java:116) ~[na:na]
	at java.base/sun.nio.fs.UnixFileSystemProvider.newByteChannel(UnixFileSystemProvider.java:219) ~[na:na]
	at java.base/java.nio.file.Files.newByteChannel(Files.java:370) ~[na:na]
	at java.base/java.nio.file.Files.createFile(Files.java:647) ~[na:na]
	at org.eclipse.jgit.util.FS_POSIX.createNewFileAtomic(FS_POSIX.java:403) ~[na:na]
	at org.eclipse.jgit.internal.storage.file.LockFile.lock(LockFile.java:132) ~[na:na]
	at org.eclipse.jgit.dircache.DirCache.lock(DirCache.java:570) ~[na:na]
	at org.eclipse.jgit.dircache.DirCache.lock(DirCache.java:217) ~[na:na]
	at org.eclipse.jgit.dircache.DirCache.lock(DirCache.java:289) ~[na:na]
	at org.eclipse.jgit.dircache.DirCache.lock(DirCache.java:255) ~[na:na]
	at org.eclipse.jgit.lib.Repository.lockDirCache(Repository.java:1269) ~[na:na]
	at org.eclipse.egit.core.RepositoryHandle.lockDirCache(RepositoryHandle.java:318) ~[na:na]
	at org.eclipse.egit.core.GitMoveDeleteHook.moveFile(GitMoveDeleteHook.java:186) ~[na:na]
	at org.eclipse.team.internal.core.MoveDeleteManager.moveFile(MoveDeleteManager.java:82) ~[na:na]
	at org.eclipse.core.internal.resources.Resource.unprotectedMove(Resource.java:1816) ~[na:na]
	at org.eclipse.core.internal.resources.Resource.move(Resource.java:1498) ~[na:na]
	at org.eclipse.jdt.internal.core.CopyResourceElementsOperation.processCompilationUnitResource(CopyResourceElementsOperation.java:346) ~[na:na]
	at org.eclipse.jdt.internal.core.CopyResourceElementsOperation.processElement(CopyResourceElementsOperation.java:417) ~[na:na]
	at org.eclipse.jdt.internal.core.MultiOperation.processElements(MultiOperation.java:168) ~[na:na]
	at org.eclipse.jdt.internal.core.CopyResourceElementsOperation.processElements(CopyResourceElementsOperation.java:436) ~[na:na]
	at org.eclipse.jdt.internal.core.MultiOperation.executeOperation(MultiOperation.java:95) ~[na:na]
	at org.eclipse.jdt.internal.core.JavaModelOperation.run(JavaModelOperation.java:736) ~[na:na]
	at org.eclipse.core.internal.resources.Workspace.run(Workspace.java:2292) ~[na:na]
	at org.eclipse.core.internal.resources.Workspace.run(Workspace.java:2317) ~[na:na]
	at org.eclipse.jdt.internal.core.JavaModelOperation.runOperation(JavaModelOperation.java:807) ~[na:na]
	at org.eclipse.jdt.internal.core.JavaModel.rename(JavaModel.java:289) ~[na:na]
	at org.eclipse.jdt.internal.core.CompilationUnit.rename(CompilationUnit.java:1336) ~[na:na]
	at org.eclipse.jdt.internal.corext.refactoring.changes.RenameCompilationUnitChange.doRename(RenameCompilationUnitChange.java:65) ~[na:na]
	at org.eclipse.jdt.internal.corext.refactoring.AbstractJavaElementRenameChange.perform(AbstractJavaElementRenameChange.java:92) ~[na:na]
	at org.eclipse.ltk.core.refactoring.CompositeChange.perform(CompositeChange.java:281) ~[na:na]
	at org.eclipse.jdt.internal.corext.refactoring.changes.DynamicValidationStateChange.access$0(DynamicValidationStateChange.java:1) ~[na:na]
	at org.eclipse.jdt.internal.corext.refactoring.changes.DynamicValidationStateChange.lambda$0(DynamicValidationStateChange.java:105) ~[na:na]
	at org.eclipse.jdt.internal.core.BatchOperation.executeOperation(BatchOperation.java:41) ~[na:na]
	at org.eclipse.jdt.internal.core.JavaModelOperation.run(JavaModelOperation.java:736) ~[na:na]
	at org.eclipse.core.internal.resources.Workspace.run(Workspace.java:2292) ~[na:na]
	at org.eclipse.core.internal.resources.Workspace.run(Workspace.java:2317) ~[na:na]
	at org.eclipse.jdt.core.JavaCore.run(JavaCore.java:5895) ~[na:na]
	at org.eclipse.jdt.internal.corext.refactoring.changes.DynamicValidationStateChange.perform(DynamicValidationStateChange.java:106) ~[na:na]
	at org.eclipse.ltk.core.refactoring.CompositeChange.perform(CompositeChange.java:281) ~[na:na]
	at org.eclipse.ltk.core.refactoring.PerformChangeOperation.lambda$0(PerformChangeOperation.java:258) ~[na:na]
	at org.eclipse.core.internal.resources.Workspace.run(Workspace.java:2292) ~[na:na]
	at org.eclipse.core.internal.resources.Workspace.run(Workspace.java:2317) ~[na:na]
	at org.eclipse.ltk.core.refactoring.PerformChangeOperation.executeChange(PerformChangeOperation.java:295) ~[na:na]
	at org.eclipse.ltk.internal.ui.refactoring.UIPerformChangeOperation.executeChange(UIPerformChangeOperation.java:94) ~[na:na]
	at org.eclipse.ltk.core.refactoring.PerformChangeOperation.run(PerformChangeOperation.java:219) ~[na:na]
	at org.eclipse.core.internal.resources.Workspace.run(Workspace.java:2292) ~[na:na]
	at org.eclipse.core.internal.resources.Workspace.run(Workspace.java:2317) ~[na:na]
	at org.eclipse.ltk.internal.ui.refactoring.WorkbenchRunnableAdapter.run(WorkbenchRunnableAdapter.java:89) ~[na:na]
	at org.eclipse.jface.operation.ModalContext$ModalContextThread.run(ModalContext.java:122) ~[org.eclipse.jface_3.20.0.v20200505-1952.jar:na]
2020-11-03 22:10:25,980 [ModalContext] ERROR o.e.j.i.storage.file.LockFile - Creating lock file /home/jonas/eclipse-workspace/.git/index.lock failed
java.nio.file.AccessDeniedException: /home/jonas/eclipse-workspace/.git/index.lock
	at java.base/sun.nio.fs.UnixException.translateToIOException(UnixException.java:90) ~[na:na]
	at java.base/sun.nio.fs.UnixException.rethrowAsIOException(UnixException.java:111) ~[na:na]
	at java.base/sun.nio.fs.UnixException.rethrowAsIOException(UnixException.java:116) ~[na:na]
	at java.base/sun.nio.fs.UnixFileSystemProvider.newByteChannel(UnixFileSystemProvider.java:219) ~[na:na]
	at java.base/java.nio.file.Files.newByteChannel(Files.java:370) ~[na:na]
	at java.base/java.nio.file.Files.createFile(Files.java:647) ~[na:na]
	at org.eclipse.jgit.util.FS_POSIX.createNewFileAtomic(FS_POSIX.java:403) ~[na:na]
	at org.eclipse.jgit.internal.storage.file.LockFile.lock(LockFile.java:132) ~[na:na]
	at org.eclipse.jgit.dircache.DirCache.lock(DirCache.java:570) ~[na:na]
	at org.eclipse.jgit.dircache.DirCache.lock(DirCache.java:217) ~[na:na]
	at org.eclipse.jgit.dircache.DirCache.lock(DirCache.java:289) ~[na:na]
	at org.eclipse.jgit.dircache.DirCache.lock(DirCache.java:255) ~[na:na]
	at org.eclipse.jgit.lib.Repository.lockDirCache(Repository.java:1269) ~[na:na]
	at org.eclipse.egit.core.RepositoryHandle.lockDirCache(RepositoryHandle.java:318) ~[na:na]
	at org.eclipse.egit.core.GitMoveDeleteHook.moveFile(GitMoveDeleteHook.java:186) ~[na:na]
	at org.eclipse.team.internal.core.MoveDeleteManager.moveFile(MoveDeleteManager.java:82) ~[na:na]
	at org.eclipse.core.internal.resources.Resource.unprotectedMove(Resource.java:1816) ~[na:na]
	at org.eclipse.core.internal.resources.Resource.move(Resource.java:1498) ~[na:na]
	at org.eclipse.jdt.internal.core.CopyResourceElementsOperation.processCompilationUnitResource(CopyResourceElementsOperation.java:346) ~[na:na]
	at org.eclipse.jdt.internal.core.CopyResourceElementsOperation.processElement(CopyResourceElementsOperation.java:417) ~[na:na]
	at org.eclipse.jdt.internal.core.MultiOperation.processElements(MultiOperation.java:168) ~[na:na]
	at org.eclipse.jdt.internal.core.CopyResourceElementsOperation.processElements(CopyResourceElementsOperation.java:436) ~[na:na]
	at org.eclipse.jdt.internal.core.MultiOperation.executeOperation(MultiOperation.java:95) ~[na:na]
	at org.eclipse.jdt.internal.core.JavaModelOperation.run(JavaModelOperation.java:736) ~[na:na]
	at org.eclipse.core.internal.resources.Workspace.run(Workspace.java:2292) ~[na:na]
	at org.eclipse.core.internal.resources.Workspace.run(Workspace.java:2317) ~[na:na]
	at org.eclipse.jdt.internal.core.JavaModelOperation.runOperation(JavaModelOperation.java:807) ~[na:na]
	at org.eclipse.jdt.internal.core.JavaModel.rename(JavaModel.java:289) ~[na:na]
	at org.eclipse.jdt.internal.core.CompilationUnit.rename(CompilationUnit.java:1336) ~[na:na]
	at org.eclipse.jdt.internal.corext.refactoring.changes.RenameCompilationUnitChange.doRename(RenameCompilationUnitChange.java:65) ~[na:na]
	at org.eclipse.jdt.internal.corext.refactoring.AbstractJavaElementRenameChange.perform(AbstractJavaElementRenameChange.java:92) ~[na:na]
	at org.eclipse.ltk.core.refactoring.CompositeChange.perform(CompositeChange.java:281) ~[na:na]
	at org.eclipse.jdt.internal.corext.refactoring.changes.DynamicValidationStateChange.access$0(DynamicValidationStateChange.java:1) ~[na:na]
	at org.eclipse.jdt.internal.corext.refactoring.changes.DynamicValidationStateChange.lambda$0(DynamicValidationStateChange.java:105) ~[na:na]
	at org.eclipse.jdt.internal.core.BatchOperation.executeOperation(BatchOperation.java:41) ~[na:na]
	at org.eclipse.jdt.internal.core.JavaModelOperation.run(JavaModelOperation.java:736) ~[na:na]
	at org.eclipse.core.internal.resources.Workspace.run(Workspace.java:2292) ~[na:na]
	at org.eclipse.core.internal.resources.Workspace.run(Workspace.java:2317) ~[na:na]
	at org.eclipse.jdt.core.JavaCore.run(JavaCore.java:5895) ~[na:na]
	at org.eclipse.jdt.internal.corext.refactoring.changes.DynamicValidationStateChange.perform(DynamicValidationStateChange.java:106) ~[na:na]
	at org.eclipse.ltk.core.refactoring.CompositeChange.perform(CompositeChange.java:281) ~[na:na]
	at org.eclipse.ltk.core.refactoring.PerformChangeOperation.lambda$0(PerformChangeOperation.java:258) ~[na:na]
	at org.eclipse.core.internal.resources.Workspace.run(Workspace.java:2292) ~[na:na]
	at org.eclipse.core.internal.resources.Workspace.run(Workspace.java:2317) ~[na:na]
	at org.eclipse.ltk.core.refactoring.PerformChangeOperation.executeChange(PerformChangeOperation.java:295) ~[na:na]
	at org.eclipse.ltk.internal.ui.refactoring.UIPerformChangeOperation.executeChange(UIPerformChangeOperation.java:94) ~[na:na]
	at org.eclipse.ltk.core.refactoring.PerformChangeOperation.run(PerformChangeOperation.java:224) ~[na:na]
	at org.eclipse.core.internal.resources.Workspace.run(Workspace.java:2292) ~[na:na]
	at org.eclipse.core.internal.resources.Workspace.run(Workspace.java:2317) ~[na:na]
	at org.eclipse.ltk.internal.ui.refactoring.WorkbenchRunnableAdapter.run(WorkbenchRunnableAdapter.java:89) ~[na:na]
	at org.eclipse.jface.operation.ModalContext$ModalContextThread.run(ModalContext.java:122) ~[org.eclipse.jface_3.20.0.v20200505-1952.jar:na]
2020-11-04 00:37:30,518 [Worker-1: Loading available Gradle versions] INFO  o.e.b.c.i.u.g.PublishedGradleVersions - Gradle version information cache is up-to-date. Trying to read.
2020-11-04 09:01:48,515 [Worker-0: Loading available Gradle versions] INFO  o.e.b.c.i.u.g.PublishedGradleVersions - Gradle version information cache is up-to-date. Trying to read.
2020-11-04 11:37:28,746 [Worker-4: Loading available Gradle versions] INFO  o.e.b.c.i.u.g.PublishedGradleVersions - Gradle version information cache is up-to-date. Trying to read.
2020-11-04 11:38:43,164 [Worker-3: Loading available Gradle versions] INFO  o.e.b.c.i.u.g.PublishedGradleVersions - Gradle version information cache is up-to-date. Trying to read.
2020-11-04 15:27:37,335 [ModalContext] ERROR o.e.j.i.storage.file.LockFile - Creating lock file /home/jonas/eclipse-workspace/.git/index.lock failed
java.nio.file.AccessDeniedException: /home/jonas/eclipse-workspace/.git/index.lock
	at java.base/sun.nio.fs.UnixException.translateToIOException(UnixException.java:90) ~[na:na]
	at java.base/sun.nio.fs.UnixException.rethrowAsIOException(UnixException.java:111) ~[na:na]
	at java.base/sun.nio.fs.UnixException.rethrowAsIOException(UnixException.java:116) ~[na:na]
	at java.base/sun.nio.fs.UnixFileSystemProvider.newByteChannel(UnixFileSystemProvider.java:219) ~[na:na]
	at java.base/java.nio.file.Files.newByteChannel(Files.java:370) ~[na:na]
	at java.base/java.nio.file.Files.createFile(Files.java:647) ~[na:na]
	at org.eclipse.jgit.util.FS_POSIX.createNewFileAtomic(FS_POSIX.java:403) ~[na:na]
	at org.eclipse.jgit.internal.storage.file.LockFile.lock(LockFile.java:132) ~[na:na]
	at org.eclipse.jgit.dircache.DirCache.lock(DirCache.java:570) ~[na:na]
	at org.eclipse.jgit.dircache.DirCache.lock(DirCache.java:217) ~[na:na]
	at org.eclipse.jgit.dircache.DirCache.lock(DirCache.java:289) ~[na:na]
	at org.eclipse.jgit.dircache.DirCache.lock(DirCache.java:255) ~[na:na]
	at org.eclipse.jgit.lib.Repository.lockDirCache(Repository.java:1269) ~[na:na]
	at org.eclipse.egit.core.RepositoryHandle.lockDirCache(RepositoryHandle.java:318) ~[na:na]
	at org.eclipse.egit.core.GitMoveDeleteHook.moveIndexContent(GitMoveDeleteHook.java:445) ~[na:na]
	at org.eclipse.egit.core.GitMoveDeleteHook.moveProjectHelperMoveOnlyProject(GitMoveDeleteHook.java:374) ~[na:na]
	at org.eclipse.egit.core.GitMoveDeleteHook.moveProject(GitMoveDeleteHook.java:338) ~[na:na]
	at org.eclipse.team.internal.core.MoveDeleteManager.moveProject(MoveDeleteManager.java:104) ~[na:na]
	at org.eclipse.core.internal.resources.Project.move(Project.java:986) ~[na:na]
	at org.eclipse.jdt.internal.corext.refactoring.changes.RenameJavaProjectChange.doRename(RenameJavaProjectChange.java:79) ~[na:na]
	at org.eclipse.jdt.internal.corext.refactoring.AbstractJavaElementRenameChange.perform(AbstractJavaElementRenameChange.java:92) ~[na:na]
	at org.eclipse.ltk.core.refactoring.CompositeChange.perform(CompositeChange.java:281) ~[na:na]
	at org.eclipse.jdt.internal.corext.refactoring.changes.DynamicValidationStateChange.access$0(DynamicValidationStateChange.java:1) ~[na:na]
	at org.eclipse.jdt.internal.corext.refactoring.changes.DynamicValidationStateChange.lambda$0(DynamicValidationStateChange.java:105) ~[na:na]
	at org.eclipse.jdt.internal.core.BatchOperation.executeOperation(BatchOperation.java:41) ~[na:na]
	at org.eclipse.jdt.internal.core.JavaModelOperation.run(JavaModelOperation.java:736) ~[na:na]
	at org.eclipse.core.internal.resources.Workspace.run(Workspace.java:2292) ~[na:na]
	at org.eclipse.core.internal.resources.Workspace.run(Workspace.java:2317) ~[na:na]
	at org.eclipse.jdt.core.JavaCore.run(JavaCore.java:5895) ~[na:na]
	at org.eclipse.jdt.internal.corext.refactoring.changes.DynamicValidationStateChange.perform(DynamicValidationStateChange.java:106) ~[na:na]
	at org.eclipse.ltk.core.refactoring.CompositeChange.perform(CompositeChange.java:281) ~[na:na]
	at org.eclipse.ltk.core.refactoring.PerformChangeOperation.lambda$0(PerformChangeOperation.java:258) ~[na:na]
	at org.eclipse.core.internal.resources.Workspace.run(Workspace.java:2292) ~[na:na]
	at org.eclipse.core.internal.resources.Workspace.run(Workspace.java:2317) ~[na:na]
	at org.eclipse.ltk.core.refactoring.PerformChangeOperation.executeChange(PerformChangeOperation.java:295) ~[na:na]
	at org.eclipse.ltk.internal.ui.refactoring.UIPerformChangeOperation.executeChange(UIPerformChangeOperation.java:94) ~[na:na]
	at org.eclipse.ltk.core.refactoring.PerformChangeOperation.run(PerformChangeOperation.java:219) ~[na:na]
	at org.eclipse.core.internal.resources.Workspace.run(Workspace.java:2292) ~[na:na]
	at org.eclipse.core.internal.resources.Workspace.run(Workspace.java:2317) ~[na:na]
	at org.eclipse.ltk.internal.ui.refactoring.WorkbenchRunnableAdapter.run(WorkbenchRunnableAdapter.java:89) ~[na:na]
	at org.eclipse.jface.operation.ModalContext$ModalContextThread.run(ModalContext.java:122) ~[org.eclipse.jface_3.20.0.v20200505-1952.jar:na]
2020-11-04 22:16:50,339 [Worker-4: Loading available Gradle versions] INFO  o.e.b.c.i.u.g.PublishedGradleVersions - Gradle version information cache is out-of-date. Trying to update.
2020-11-05 12:10:36,892 [Worker-5: Loading available Gradle versions] INFO  o.e.b.c.i.u.g.PublishedGradleVersions - Gradle version information cache is up-to-date. Trying to read.
2020-11-05 22:52:16,655 [Worker-0: Loading available Gradle versions] INFO  o.e.b.c.i.u.g.PublishedGradleVersions - Gradle version information cache is not available. Remote download required.
2020-11-06 01:09:47,806 [Worker-2: Loading available Gradle versions] INFO  o.e.b.c.i.u.g.PublishedGradleVersions - Gradle version information cache is up-to-date. Trying to read.
2020-11-06 01:10:43,583 [Worker-3: Loading available Gradle versions] INFO  o.e.b.c.i.u.g.PublishedGradleVersions - Gradle version information cache is up-to-date. Trying to read.
2020-11-06 01:13:25,322 [Worker-4: Loading available Gradle versions] INFO  o.e.b.c.i.u.g.PublishedGradleVersions - Gradle version information cache is up-to-date. Trying to read.
2020-11-06 01:33:12,789 [Worker-1: Loading available Gradle versions] INFO  o.e.b.c.i.u.g.PublishedGradleVersions - Gradle version information cache is up-to-date. Trying to read.
2020-11-06 14:19:52,326 [Worker-1: Loading available Gradle versions] INFO  o.e.b.c.i.u.g.PublishedGradleVersions - Gradle version information cache is up-to-date. Trying to read.
